<?xml version="1.0" encoding="UTF-8"?>
<!-- Generated by org.testng.reporters.JUnitXMLReporter -->
<testsuite hostname="MacPro512-Template-2.local" name="Surefire test" tests="3" failures="0" timestamp="29 May 2020 21:33:31 GMT" time="12.55" errors="0">
  <testcase name="brotli_content_encoding_is_set" time="0.224" classname="org.meteogrou.jbrotli.servlet.HelloBrotliHttpControllerTest"/>
  <testcase name="content_length_is_NOT_set__OR_is_zero" time="0.025" classname="org.meteogrou.jbrotli.servlet.HelloBrotliHttpControllerTest"/>
  <testcase name="hello_brotli_controller_response_OK" time="0.024" classname="org.meteogrou.jbrotli.servlet.HelloBrotliHttpControllerTest"/>
</testsuite> <!-- Surefire test -->
